FAILED: ANN@LAWOFFICEDARYLJWILLIAMS.COM | Subject: Angela Lazaro DOI 2018-02-09 // Prohealth
Reason: (535, b'5.7.8 Username and Password not accepted. For more information, go to\n5.7.8  https://support.google.com/mail/?p=BadCredentials d2e1a72fcca58-742a982b7f3sm7309155b3a.87 - gsmtp')

FAILED: YANNI@MVPLAWGROUPLA.COM | Subject: Alexander Yasyukov DOI 2018-05-03 // Prohealth
Reason: (535, b'5.7.8 Username and Password not accepted. For more information, go to\n5.7.8  https://support.google.com/mail/?p=BadCredentials d9443c01a7336-231d4ed4815sm69770395ad.232 - gsmtp')

FAILED: MICHAEL@DAALAW.COM | Subject: John Yekikian DOI 2018-03-13 // Prohealth
Reason: (535, b'5.7.8 Username and Password not accepted. For more information, go to\n5.7.8  https://support.google.com/mail/?p=BadCredentials 98e67ed59e1d1-30f3650008bsm919592a91.32 - gsmtp')

FAILED: QUIGGLAW@YAHOO.COM | Subject: Magaly Gonzalez DOI 2018-05-15 // Prohealth
Reason: (535, b'5.7.8 Username and Password not accepted. For more information, go to\n5.7.8  https://support.google.com/mail/?p=BadCredentials d9443c01a7336-231d4ed276csm70103275ad.229 - gsmtp')

FAILED: IBISILAW@ATT.NET | Subject: Helen Hunter DOI 2020-12-22 // Prohealth
Reason: (535, b'5.7.8 Username and Password not accepted. For more information, go to\n5.7.8  https://support.google.com/mail/?p=BadCredentials d2e1a72fcca58-742a97398f8sm7343181b3a.78 - gsmtp')

FAILED: THEODORE@WOLFBERGLAW.COM | Subject: Symone Hambrick DOI 2022-06-18 // Prohealth
Reason: (535, b'5.7.8 Username and Password not accepted. For more information, go to\n5.7.8  https://support.google.com/mail/?p=BadCredentials 98e67ed59e1d1-30f365e59b3sm961833a91.33 - gsmtp')

FAILED: VERONIKA@GEVORKYANLAW.COM | Subject: Jennyfer Acuna Alvarado DOI 2020-09-19 // Prohealth
Reason: (535, b'5.7.8 Username and Password not accepted. For more information, go to\n5.7.8  https://support.google.com/mail/?p=BadCredentials 41be03b00d2f7-b26eaf8cc71sm7333462a12.35 - gsmtp')

FAILED: VERONIKA@GEVORKYANLAW.COM | Subject: Margaret Guevara DOI 2020-08-03 // Prohealth
Reason: (535, b'5.7.8 Username and Password not accepted. For more information, go to\n5.7.8  https://support.google.com/mail/?p=BadCredentials d9443c01a7336-231d4e97dcesm70944295ad.121 - gsmtp')

FAILED: ARASH@FIRSTSTEPLEGAL.COM | Subject: Tiana Williams DOI 2020-01-16 // Prohealth
Reason: (535, b'5.7.8 Username and Password not accepted. For more information, go to\n5.7.8  https://support.google.com/mail/?p=BadCredentials d2e1a72fcca58-742a98a3331sm7560614b3a.178 - gsmtp')

FAILED: OFFICE@KARLAW.COM | Subject: Manuel Lopez Reyes DOI 2020-01-12 // Prohealth
Reason: (535, b'5.7.8 Username and Password not accepted. For more information, go to\n5.7.8  https://support.google.com/mail/?p=BadCredentials d9443c01a7336-231d4ac9567sm71085025ad.11 - gsmtp')

FAILED: SPECIALIST2@SAWLAWGROUP.COM | Subject: Eric Gonzalez Miranda DOI 2021-01-18 // Prohealth
Reason: (535, b'5.7.8 Username and Password not accepted. For more information, go to\n5.7.8  https://support.google.com/mail/?p=BadCredentials 98e67ed59e1d1-30f364fff31sm981081a91.31 - gsmtp')

FAILED: BERNIECOLLURA@GMAIL.COM | Subject: Kiara Falconer DOI 2021-06-01 // Prohealth
Reason: (535, b'5.7.8 Username and Password not accepted. For more information, go to\n5.7.8  https://support.google.com/mail/?p=BadCredentials d9443c01a7336-231d4afe8bbsm70848175ad.90 - gsmtp')

FAILED: CLOSING@YAGLAW.COM | Subject: Jorge Camarena DOI 2021-08-30 // Prohealth
Reason: (535, b'5.7.8 Username and Password not accepted. For more information, go to\n5.7.8  https://support.google.com/mail/?p=BadCredentials d9443c01a7336-231d4addd44sm71360495ad.81 - gsmtp')

FAILED: JLEFKOWITZ.ESQ@GMAIL.COM | Subject: Celina Paternostro DOI 2021-09-05 // Prohealth
Reason: (535, b'5.7.8 Username and Password not accepted. For more information, go to\n5.7.8  https://support.google.com/mail/?p=BadCredentials d9443c01a7336-231d4ac95a9sm71082115ad.13 - gsmtp')

FAILED: ANGIEC@BOYAJYANLAW.COM | Subject: Alicia Lopez DOI 2021-08-19 // Prohealth
Reason: (535, b'5.7.8 Username and Password not accepted. For more information, go to\n5.7.8  https://support.google.com/mail/?p=BadCredentials d2e1a72fcca58-742a9860d46sm7300867b3a.127 - gsmtp')

FAILED: OFFICE@DJIMENEZLAW.COM | Subject: Hugo Juarez DOI 2021-11-11 // Prohealth
Reason: (535, b'5.7.8 Username and Password not accepted. For more information, go to\n5.7.8  https://support.google.com/mail/?p=BadCredentials d9443c01a7336-231d4ed4815sm70300115ad.232 - gsmtp')

FAILED: RAMIN@RKLAWGROUP.COM | Subject: Jason Kohanarieh DOI 2023-02-09 // Prohealth
Reason: (535, b'5.7.8 Username and Password not accepted. For more information, go to\n5.7.8  https://support.google.com/mail/?p=BadCredentials 98e67ed59e1d1-30f365b2dc3sm971974a91.2 - gsmtp')

FAILED: MVEGA@FIORELEGAL.COM | Subject: Anna Marie Lorenzo DOI 2021-10-02 // Prohealth
Reason: (535, b'5.7.8 Username and Password not accepted. For more information, go to\n5.7.8  https://support.google.com/mail/?p=BadCredentials d9443c01a7336-231d4ac9567sm71086605ad.11 - gsmtp')

FAILED: ARTA@WILDEBOERLEGAL.COM | Subject: Jose Cabrera Sarceno DOI 2021-03-04 // Prohealth
Reason: (535, b'5.7.8 Username and Password not accepted. For more information, go to\n5.7.8  https://support.google.com/mail/?p=BadCredentials d2e1a72fcca58-742a970d5c4sm7550351b3a.65 - gsmtp')

FAILED: CASESTATUSREQUEST@BHATTORNEYS.COM | Subject: Leslie Cervantes DOI 2021-01-06 // Prohealth
Reason: (535, b'5.7.8 Username and Password not accepted. For more information, go to\n5.7.8  https://support.google.com/mail/?p=BadCredentials 98e67ed59e1d1-30e11e81788sm8141378a91.1 - gsmtp')

FAILED: INFO@DEGANILAWFIRM.COM | Subject: Michael Ngoc Bang UNKNOWN DOI // Prohealth
Reason: (535, b'5.7.8 Username and Password not accepted. For more information, go to\n5.7.8  https://support.google.com/mail/?p=BadCredentials 41be03b00d2f7-b26eaf8e06bsm6357667a12.37 - gsmtp')

FAILED: VICK@VBESQLAW.COM | Subject: Gisela Fesztinger Orduna DOI 2024-03-19 // Prohealth
Reason: (535, b'5.7.8 Username and Password not accepted. For more information, go to\n5.7.8  https://support.google.com/mail/?p=BadCredentials d9443c01a7336-231e26d8395sm67445515ad.5 - gsmtp')

FAILED: OFFICESERVICES@JACOBYANDMEYERS.COM | Subject: Rosa Flores UNKNOWN DOI // Prohealth
Reason: (535, b'5.7.8 Username and Password not accepted. For more information, go to\n5.7.8  https://support.google.com/mail/?p=BadCredentials d9443c01a7336-231d4ebaef0sm70914275ad.203 - gsmtp')

FAILED: LIZA@KANIMIANLAW.COM | Subject: Bryant Ruiz UNKNOWN DOI // Prohealth
Reason: (535, b'5.7.8 Username and Password not accepted. For more information, go to\n5.7.8  https://support.google.com/mail/?p=BadCredentials d9443c01a7336-231d4e9e8e5sm70861965ad.151 - gsmtp')

FAILED: nan | Subject: Sagembir Coto UNKNOWN DOI // Prohealth
Reason: Invalid or missing email address

FAILED: CASESTATUS@DOWNTOWNLALAW.COM | Subject: Maximino Plata UNKNOWN DOI // Prohealth
Reason: (535, b'5.7.8 Username and Password not accepted. For more information, go to\n5.7.8  https://support.google.com/mail/?p=BadCredentials 41be03b00d2f7-b26ecfc85e9sm7105073a12.11 - gsmtp')

FAILED: nan | Subject: William Dorton UNKNOWN DOI // Prohealth
Reason: Invalid or missing email address

FAILED: DPAZ@PAZLAWOFFICES.COM | Subject: Carmela Ruiz UNKNOWN DOI // Prohealth
Reason: (535, b'5.7.8 Username and Password not accepted. For more information, go to\n5.7.8  https://support.google.com/mail/?p=BadCredentials 98e67ed59e1d1-30f365f7a27sm966164a91.48 - gsmtp')

FAILED: OFFICESERVICES@JACOBYANDMEYERS.COM | Subject: Jasmine Soto DOI 2022-08-31 // Prohealth
Reason: (535, b'5.7.8 Username and Password not accepted. For more information, go to\n5.7.8  https://support.google.com/mail/?p=BadCredentials d2e1a72fcca58-742a9829bb3sm7533706b3a.100 - gsmtp')

FAILED: OFFICESERVICES@JACOBYANDMEYERS.COM | Subject: Alfredo Gonzalez DOI 2023-03-18 // Prohealth
Reason: (535, b'5.7.8 Username and Password not accepted. For more information, go to\n5.7.8  https://support.google.com/mail/?p=BadCredentials d9443c01a7336-231d4adba6dsm71036985ad.68 - gsmtp')

FAILED: nan | Subject: Assanti Hernandez DOI 2022-04-26 // Prohealth
Reason: Invalid or missing email address

FAILED: OFFICESERVICES@JACOBYANDMEYERS.COM | Subject: Rosa Flores UNKNOWN DOI // Prohealth
Reason: (535, b'5.7.8 Username and Password not accepted. For more information, go to\n5.7.8  https://support.google.com/mail/?p=BadCredentials 98e67ed59e1d1-30f364fff49sm1123117a91.36 - gsmtp')

FAILED: OFFICESERVICES@JACOBYANDMEYERS.COM | Subject: Alfredo Gonzalez DOI 2023-03-18 // Prohealth
Reason: (535, b'5.7.8 Username and Password not accepted. For more information, go to\n5.7.8  https://support.google.com/mail/?p=BadCredentials d9443c01a7336-231d4ac9f5bsm71862855ad.10 - gsmtp')

FAILED: nan | Subject: Assanti Hernandez DOI 2022-04-26 // Prohealth
Reason: Invalid or missing email address

FAILED: nan | Subject: Assanti Hernandez DOI 2022-04-26 // Prohealth
Reason: Invalid or missing email address

FAILED: nan | Subject: Assanti Hernandez DOI 2022-04-26 // Prohealth
Reason: Invalid or missing email address

FAILED: nan | Subject: Maritza Colocho DOI 2022-12-30 // Prohealth
Reason: Invalid or missing email address

FAILED: nan | Subject: Maritza Colocho DOI 2022-12-30 // Prohealth
Reason: Invalid or missing email address

FAILED: nan | Subject: Maritza Colocho DOI 2022-12-30 // Prohealth
Reason: Invalid or missing email address

FAILED: nan | Subject: Niko Honarbakhsh DOI 2021-11-12 // Prohealth
Reason: Invalid or missing email address

FAILED: nan | Subject: Daniela Carrero DOI 2021-09-14 // Prohealth
Reason: Invalid or missing email address

FAILED: nan | Subject: Ana Molina DOI 2021-05-20 // Prohealth
Reason: Invalid or missing email address

FAILED: nan | Subject: Selena Caballero DOI 2021-05-20 // Prohealth
Reason: Invalid or missing email address

FAILED: nan | Subject: Shelly Mcmillan DOI 2020-06-15 // Prohealth
Reason: Invalid or missing email address

FAILED: nan | Subject: Maira Diaz DOI 2022-09-21 // Prohealth
Reason: Invalid or missing email address

FAILED: nan | Subject: Luis Martinez DOI 2024-02-03 // Prohealth
Reason: Invalid or missing email address

FAILED: nan | Subject: Dulce Cotto DOI 2024-02-03 // Prohealth
Reason: Invalid or missing email address

FAILED: nan | Subject: Adolfo Garcia DOI 2022-05-22 // Prohealth
Reason: Invalid or missing email address

FAILED: nan | Subject: Suzana Oganesian DOI 2022-11-01 // Prohealth
Reason: Invalid or missing email address

FAILED: nan | Subject: Sandra Huerta DOI 2022-12-05 // Prohealth
Reason: Invalid or missing email address

FAILED: nan | Subject: Azael Portillo DOI 2022-07-11 // Prohealth
Reason: Invalid or missing email address

FAILED: nan | Subject: Anselmo Jimenez DOI 2023-12-29 // Prohealth
Reason: Invalid or missing email address

FAILED: nan | Subject: Anait Grigorian DOI 2021-10-06 // Prohealth
Reason: Invalid or missing email address

FAILED: nan | Subject: Maurice Diaz DOI 2021-03-30 // Prohealth
Reason: Invalid or missing email address

FAILED: nan | Subject: Ian Stolz DOI 2021-08-15 // Prohealth
Reason: Invalid or missing email address

FAILED: nan | Subject: Silvia Esquivel DOI 2022-03-20 // Prohealth
Reason: Invalid or missing email address

FAILED: nan | Subject: Jerome F Rabago DOI 2022-01-04 // Prohealth
Reason: Invalid or missing email address

FAILED: nan | Subject: Leonard Averhart DOI 2024-05-20 // Prohealth
Reason: Invalid or missing email address

FAILED: nan | Subject: Fabiola Gaxiola DOI 2023-01-01 // Prohealth
Reason: Invalid or missing email address

FAILED: nan | Subject: Maria Del Rosairo Fuentes DOI 2023-10-06 // Prohealth
Reason: Invalid or missing email address

FAILED: nan | Subject: Denis Melendez DOI 2023-09-08 // Prohealth
Reason: Invalid or missing email address

FAILED: nan | Subject: Raheem Benedict DOI 2024-07-14 // Prohealth
Reason: Invalid or missing email address

FAILED: nan | Subject: Assanti Hernandez DOI 2022-04-26 // Prohealth
Reason: Invalid or missing email address

FAILED: nan | Subject: Scott Landers DOI 2022-03-29 // Prohealth
Reason: Invalid or missing email address

