PID: 111316 | Sent to: IBISILAW@ATT.NET | Subject: Helen Hunter DOI 2020-12-22 // Prohealth
PID: 113203 | Sent to: THEODORE@WOLFBERGLAW.COM | Subject: Symone Hambrick DOI 2022-06-18 // Prohealth
PID: 113280 | Sent to: VERONIKA@GEVORKYANLAW.COM | Subject: Jennyfer Acuna Alvarado DOI 2020-09-19 // Prohealth
PID: 117058 | Sent to: VERONIKA@GEVORKYANLAW.COM | Subject: Margaret Guevara DOI 2020-08-03 // Prohealth
PID: 119739 | Sent to: ARASH@FIRSTSTEPLEGAL.COM | Subject: Tiana Williams DOI 2020-01-16 // Prohealth
PID: 119749 | Sent to: OFFICE@KARLAW.COM | Subject: Manuel Lopez Reyes DOI 2020-01-12 // Prohealth
PID: 120257 | Sent to: SPECIALIST2@SAWLAWGROUP.COM | Subject: Eric Gonzalez Miranda DOI 2021-01-18 // Prohealth
PID: 121005 | Sent to: BERNIECOLLURA@GMAIL.COM | Subject: Kiara Falconer DOI 2021-06-01 // Prohealth
PID: 121066 | Sent to: CLOSING@YAGLAW.COM | Subject: Jorge Camarena DOI 2021-08-30 // Prohealth
PID: 121120 | Sent to: JLEFKOWITZ.ESQ@GMAIL.COM | Subject: Celina Paternostro DOI 2021-09-05 // Prohealth
PID: 121251 | Sent to: ANGIEC@BOYAJYANLAW.COM | Subject: Alicia Lopez DOI 2021-08-19 // Prohealth
PID: 121471 | Sent to: OFFICE@DJIMENEZLAW.COM | Subject: Hugo Juarez DOI 2021-11-11 // Prohealth
PID: 131649 | Sent to: RAMIN@RKLAWGROUP.COM | Subject: Jason Kohanarieh DOI 2023-02-09 // Prohealth
PID: 131958 | Sent to: MVEGA@FIORELEGAL.COM | Subject: Anna Marie Lorenzo DOI 2021-10-02 // Prohealth
PID: 132048 | Sent to: ARTA@WILDEBOERLEGAL.COM | Subject: Jose Cabrera Sarceno DOI 2021-03-04 // Prohealth
PID: 132220 | Sent to: CASESTATUSREQUEST@BHATTORNEYS.COM | Subject: Leslie Cervantes DOI 2021-01-06 // Prohealth
PID: 132636 | Sent to: INFO@DEGANILAWFIRM.COM | Subject: Michael Ngoc Bang UNKNOWN DOI // Prohealth
PID: 132874 | Sent to: VICK@VBESQLAW.COM | Subject: Gisela Fesztinger Orduna DOI 2024-03-19 // Prohealth
PID: 133176 | Sent to: OFFICESERVICES@JACOBYANDMEYERS.COM | Subject: Jasmine Soto DOI 2022-08-31 // Prohealth
PID: 133190 | Sent to: OFFICESERVICES@JACOBYANDMEYERS.COM | Subject: Alfredo Gonzalez DOI 2023-03-18 // Prohealth
PID: 133190 | Sent to: UNKNOWN | Subject: Backfilled at end of scriptPID: 134051 | Sent to: IVYCREST@IVYCRESTLAW.COM | Subject: Heidy Soto DOI 2022-06-14 // Prohealth
PID: 134058 | Sent to: RAMIN@RKLAWGROUP.COM | Subject: Enrrique Rodriguez DOI 2022-06-09 // Prohealth
PID: 134198 | Sent to: EMPILAW@YAHOO.COM | Subject: Alicia Iwanyszyn DOI 2022-08-22 // Prohealth
PID: 134821 | Sent to: OLYMPICLAW@YAHOO.COM | Subject: Oscar David Perez DOI 2023-03-22 // Prohealth
PID: 134821 | Sent to: UNKNOWN | Subject: Backfilled at end of script
PID: 134051 | Sent to: UNKNOWN | Subject: Backfilled at end of script
PID: 134058 | Sent to: UNKNOWN | Subject: Backfilled at end of script
PID: 134198 | Sent to: UNKNOWN | Subject: Backfilled at end of script
PID: 140647 | Sent to: RIVASDEMARIALAW@GMAIL.COM | Subject: Patricia Flores DOI 2022-11-10 // Prohealth
PID: 113036 | Sent to: DPAZ@PAZLAWOFFICES.COM | Subject: Rosa Ruano Cotto DOI 2019-10-02 // Prohealth
PID: 132430 | Sent to: CONTACTBLGPC@GMAIL.COM | Subject: Olga Patricia Gonzalez Monterroso DOI 2021-08-24 // Prohealth
PID: 139216 | Sent to: ARDY@PIRNIALAWGROUP.COM | Subject: Ki Soo Kim DOI 2022-04-14 // Prohealth
PID: 141088 | Sent to: MANDANA@CALLJACOB.COM | Subject: Kyoungah Lee DOI 2023-05-27 // Prohealth
PID: 143323 | Sent to: MEDICALREP@BURG-BROCK.COM | Subject: Gonzalo Garcia DOI 2024-02-27 // Prohealth
PID: 144091 | Sent to: JACKIE@GPLITIGATION.COM | Subject: Keila Alvarez DOI 2024-07-12 // Prohealth
PID: 156721 | Sent to: TAMARA@CHERENLAW.COM | Subject: Joanna Cruz DOI 2023-04-30 // Prohealth
PID: 157249 | Sent to: RECEPTIONISTS@DOMINGUEZFIRM.COM | Subject: Susana Lopez DOI 2023-06-30 // Prohealth
PID: 170056 | Sent to: INFO@NAZBESLAW.COM | Subject: Laura Briones Esquivel DOI 2023-09-18 // Prohealth
PID: 144208 | Sent to: SHEKIBA@CHAMPLAWFIRM.COM | Subject: Sylvia Barrera DOI 2024-08-20 // Prohealth
PID: 171045 | Sent to: CASEMANAGER1@LAWCOLLECTIVE.COM | Subject: Aslyn Larios DOI 2023-05-28 // Prohealth
PID: 138187 | Sent to: DPAZ@PAZLAWOFFICES.COM | Subject: Ronal Lima DOI 2022-08-15 // Prohealth
PID: 132959 | Sent to: INFO@LEVINLEGALHELP.COM | Subject: Anthony Jimenez DOI 2021-03-18 // Prohealth
PID: 132981 | Sent to: OKEYGEORGELAW1927@ATT.NET | Subject: Amorae Callender DOI 2021-03-18 // Prohealth
PID: 140674 | Sent to: GEORGE@MGDESYANLAW.COM | Subject: Michael Cruz DOI 2022-12-21 // Prohealth
PID: 139141 | Sent to: MURIBE@JDRLAWOFFICES.COM | Subject: Iris Galindo DOI 2022-01-27 // Prohealth
PID: 140665 | Sent to: RIVASDEMARIALAW@GMAIL.COM | Subject: Andrew Hidalgo DOI 2022-12-14 // Prohealth
PID: 120570 | Sent to: ARTHUR@AKOPIANLAW.COM | Subject: Edguin Mejia DOI 2021-05-19 // Prohealth
PID: 120575 | Sent to: ARTHUR@AKOPIANLAW.COM | Subject: Giovanni Valdivia DOI 2021-05-23 // Prohealth
PID: 140269 | Sent to: DGONOR@SHAFFERGONORLAW.COM | Subject: Leonel Molina DOI 2022-02-23 // Prohealth
PID: 111409 | Sent to: JJOHNSON@JOHNSONATTORNEYSGROUP.COM | Subject: Rafael Moreno DOI 2019-04-30 // Prohealth
PID: 121228 | Sent to: LAWOFFICEMAIN2@GMAIL.COM | Subject: Martin Trujillo DOI 2021-09-17 // Prohealth
PID: 132959 | Sent to: UNKNOWN | Subject: Backfilled at end of script
PID: 139141 | Sent to: UNKNOWN | Subject: Backfilled at end of script
PID: 157249 | Sent to: UNKNOWN | Subject: Backfilled at end of script
PID: 132430 | Sent to: UNKNOWN | Subject: Backfilled at end of script
PID: 139216 | Sent to: UNKNOWN | Subject: Backfilled at end of script
PID: 140647 | Sent to: UNKNOWN | Subject: Backfilled at end of script
PID: 132981 | Sent to: UNKNOWN | Subject: Backfilled at end of script
PID: 143323 | Sent to: UNKNOWN | Subject: Backfilled at end of script
PID: 144091 | Sent to: UNKNOWN | Subject: Backfilled at end of script
PID: 120570 | Sent to: UNKNOWN | Subject: Backfilled at end of script
PID: 144208 | Sent to: UNKNOWN | Subject: Backfilled at end of script
PID: 138187 | Sent to: UNKNOWN | Subject: Backfilled at end of script
PID: 140665 | Sent to: UNKNOWN | Subject: Backfilled at end of script
PID: 113036 | Sent to: UNKNOWN | Subject: Backfilled at end of script
PID: 141088 | Sent to: UNKNOWN | Subject: Backfilled at end of script
PID: 111409 | Sent to: UNKNOWN | Subject: Backfilled at end of script
PID: 140269 | Sent to: UNKNOWN | Subject: Backfilled at end of script
PID: 156721 | Sent to: UNKNOWN | Subject: Backfilled at end of script
PID: 170056 | Sent to: UNKNOWN | Subject: Backfilled at end of script
PID: 171045 | Sent to: UNKNOWN | Subject: Backfilled at end of script
PID: 121228 | Sent to: UNKNOWN | Subject: Backfilled at end of script
PID: 120575 | Sent to: UNKNOWN | Subject: Backfilled at end of script
PID: 140674 | Sent to: UNKNOWN | Subject: Backfilled at end of script
SKIPPED: PID 132829 | Email: RECORDS@VALAWFIRM.COM | Reason: Skipped due to UNKNOWN DOI
SKIPPED: PID 132854 | Email: LEORA@SEDAGHATILAW.COM | Reason: Skipped due to UNKNOWN DOI
SKIPPED: PID 137229 | Email: MEDICALREP@BURG-BROCK.COM | Reason: Skipped due to UNKNOWN DOI
PID: 112018 | Sent to: LAWCENTER@SBCGLOBAL.NET | Subject: Akira Hill DOI 2021-04-30 // Prohealth
PID: 103627 | Sent to: CHRISTINA.G4727@GMAIL.COM | Subject: Uziel Rodriguez DOI 2022-05-04 // Prohealth
PID: 108557 | Sent to: JEANNIE@SHAKRAMYLAW.COM | Subject: Christopher Escalante DOI 2020-04-08 // Prohealth
PID: 119530 | Sent to: ARASH@FIRSTSTEPLEGAL.COM | Subject: Maricela Rivera DOI 2019-05-03 // Prohealth
PID: 120114 | Sent to: MASTERLAWINC@GMAIL.COM | Subject: Jonathan Fasheh DOI 2020-10-30 // Prohealth
PID: 133127 | Sent to: OFFICESERVICES@JACOBYANDMEYERS.COM | Subject: Doreen Ferris DOI 2022-04-11 // Prohealth
PID: 133617 | Sent to: ARACELI@A2ZLEGAL.COM | Subject: Rosa Vargas DOI 2022-09-05 // Prohealth
PID: 133673 | Sent to: ALEX@LAWYERSCALI.COM | Subject: Rosa A Zamora DOI 2023-01-18 // Prohealth
PID: 133799 | Sent to: OFFICE@DJIMENEZLAW.COM | Subject: Oscar O Cruz DOI 2022-02-07 // Prohealth
PID: 133939 | Sent to: CLGINCPI@GMAIL.COM | Subject: Brenda Bon DOI 2022-04-05 // Prohealth
PID: 134100 | Sent to: PIDEPARTMENT@WTROY.COM | Subject: Jose Alberto Torres DOI 2022-07-07 // Prohealth
PID: 134408 | Sent to: LOYST@LPFLETCHERLAW.COM | Subject: Gregorio Quiterio Villanueva DOI 2022-12-01 // Prohealth
PID: 139549 | Sent to: MANNYIBAY@IBAYLAW.COM | Subject: Juan Ixtos Jaminez DOI 2022-09-16 // Prohealth
PID: 140242 | Sent to: DGONOR@SHAFFERGONORLAW.COM | Subject: Selvin Ramirez DOI 2022-02-21 // Prohealth
PID: 141532 | Sent to: HAILUMICHAEL@HOTMAIL.COM | Subject: Ninfa River DOI 2022-03-27 // Prohealth
PID: 141694 | Sent to: RECEPTIONISTS@DOMINGUEZFIRM.COM | Subject: Ingrid Castro DOI 2022-05-07 // Prohealth
PID: 141910 | Sent to: NWUDELAW@AOL.COM | Subject: Michelle Thomas DOI 2022-06-18 // Prohealth
PID: 142315 | Sent to: CHARLOTTE@JP-LAW.NET | Subject: Lou Verna Lee-Durst DOI 2022-08-12 // Prohealth
PID: 142819 | Sent to: PA3@TITANLAWFIRM.COM | Subject: Anthony Alexander Giron DOI 2022-11-12 // Prohealth
PID: 143866 | Sent to: YADIRA@DZLAWGROUP.ORG | Subject: Brenda Astorga DOI 2024-05-30 // Prohealth
PID: 144118 | Sent to: OFFICESERVICES@JACOBYANDMEYERS.COM | Subject: Cristina Lopez DOI 2024-07-21 // Prohealth
PID: 155959 | Sent to: GRISELDA@INJURYATTORNEYSGROUP.COM | Subject: Ivan Crosthwaiter DOI 2022-12-27 // Prohealth
PID: 156511 | Sent to: JEFF@JLFFIRM.COM | Subject: Edwin Fuentes DOI 2023-04-06 // Prohealth
PID: 156949 | Sent to: DARREN@DARWISHFIRM.COM | Subject: Ester Weiss DOI 2023-05-26 // Prohealth
PID: 157093 | Sent to: INFO@SWEETJAMES.COM | Subject: Althea Jean Williams DOI 2023-05-26 // Prohealth
PID: 158425 | Sent to: KRISTINE@DAVANALAW.COM | Subject: Vardan Atabekyan DOI 2023-08-05 // Prohealth
PID: 106531 | Sent to: VANNUYSLAW@YAHOO.COM | Subject: Marquis Lee DOI 2018-02-23 // Prohealth
PID: 142468 | Sent to: TAHLIA@PHEFFERLAW.COM | Subject: Oliver Hruby DOI 2022-09-01 // Prohealth
PID: 102154 | Sent to: V.SCHARLAW1@GMAIL.COM | Subject: Alan Marquet DOI 2018-12-04 // Prohealth
SKIPPED: PID 132773 | Email: CPACE@VAZIRILAW.COM | Reason: Skipped due to UNKNOWN DOI
PID: 132793 | Sent to: SA@GEVORKYANLAW.COM | Subject: Serzh Boynagiryan DOI 2023-01-03 // Prohealth
SKIPPED: PID 132836 | Email: RAMING@RAMINUSA.COM | Reason: Skipped due to UNKNOWN DOI
PID: 133036 | Sent to: OFFICESERVICES@JACOBYANDMEYERS.COM | Subject: Javier Perez DOI 2022-10-15 // Prohealth
PID: 139558 | Sent to: NBAUTISTA@LARRYRABINEAU.COM | Subject: Erick Morazan DOI 2022-09-14 // Prohealth
PID: 157105 | Sent to: JOHNATLERMANS@HOTMAIL.COM | Subject: Andera Parreno DOI 2023-06-13 // Prohealth
PID: 157417 | Sent to: GREGYATES@GREGORYAYATES.NET | Subject: Isaiah Chapman DOI 2023-06-26 // Prohealth
PID: 159199 | Sent to: CONTACT@SAEDI.LAW | Subject: Agustin Jr Moreno DOI 2025-01-29 // Prohealth
SKIPPED: PID 132858 | Email: nan | Reason: Skipped due to UNKNOWN DOI
PID: 133064 | Sent to: PRELITLIENS@BAUMAN.LAW | Subject: Marina Yegiazaryan DOI 2022-12-06 // Prohealth
PID: 132742 | Sent to: OFFICESERVICES@JACOBYANDMEYERS.COM | Subject: Randy Terry DOI 2024-02-02 // Prohealth
PID: 132924 | Sent to: INFO@KRASSLAWFIRM.COM | Subject: Kelvin Lucas DOI 2024-03-13 // Prohealth
PID: 156793 | Sent to: NELSON.NATALE@YAHOO.COM | Subject: Silvia Sanchez DOI 2023-05-12 // Prohealth
SKIPPED: PID 132903 | Email: nan | Reason: Skipped due to UNKNOWN DOI
PID: 121795 | Sent to: ARMANS@FOOTHILLLAWCENTER.COM | Subject: Deisy Ruiz DOI 2021-12-15 // Prohealth
PID: 142207 | Sent to: KEN@KENKLAW.COM | Subject: Charles Alfred Campbell DOI 2022-07-25 // Prohealth
PID: 144757 | Sent to: SHEENA@SHEENARUDE.COM | Subject: Bernadette Taylor DOI 2024-10-19 // Prohealth
PID: 170392 | Sent to: ROHLAWFIRMINC@GMAIL.COM | Subject: Darlene Smith DOI 2023-09-25 // Prohealth
PID: 108338 | Sent to: MASTERLAWINC@GMAIL.COM | Subject: John Gonzalez DOI 2020-02-27 // Prohealth
PID: 133141 | Sent to: OFFICESERVICES@JACOBYANDMEYERS.COM | Subject: Frederick Twitchell DOI 2022-05-03 // Prohealth
PID: 139123 | Sent to: CONTACT@TUSHLAW.COM | Subject: Griselda Teodoro DOI 2022-03-31 // Prohealth
PID: 139657 | Sent to: YANNI@MVPLAWGROUPLA.COM | Subject: Rosa Nochez DOI 2022-08-27 // Prohealth
PID: 143533 | Sent to: GARYALAFF@YAHOO.COM | Subject: Reginaldo Garcia DOI 2024-04-24 // Prohealth
PID: 143875 | Sent to: OFFICESERVICES@JACOBYANDMEYERS.COM | Subject: Joan Mendoza DOI 2024-07-24 // Prohealth
PID: 144334 | Sent to: LUNGINLAW@ATT.NET | Subject: Vicenta Barajas DOI 2024-09-07 // Prohealth
PID: 158317 | Sent to: CONTACTBLGPC@GMAIL.COM | Subject: Linda Escamilla DOI 2023-07-31 // Prohealth
PID: 108562 | Sent to: SW@CERVANTESHODGES.COM | Subject: Maria Alvarez DOI 2020-04-29 // Prohealth
PID: 141442 | Sent to: CUSTODIO@CD-LAWYERS.COM | Subject: Samuel Aguirre DOI 2022-11-07 // Prohealth
PID: 132647 | Sent to: INFO@VALEROLAWGROUP.COM | Subject: Amilcar Fermin Hernandez Ramirez DOI 2024-03-19 // Prohealth
PID: 133106 | Sent to: OFFICESERVICES@JACOBYANDMEYERS.COM | Subject: Bonnier Alfaro DOI 2023-03-17 // Prohealth
PID: 133904 | Sent to: LEORA@SEDAGHATILAW.COM | Subject: Muhammad Nadeem DOI 2022-03-11 // Prohealth
PID: 103647 | Sent to: YEZNIK@YOKLAW.COM | Subject: Nazeli Altunyan DOI 2015-03-27 // Prohealth
PID: 155851 | Sent to: OSCAR@CBLAWGROUP.COM | Subject: Blanca Galloway DOI 2022-08-19 // Prohealth
PID: 134128 | Sent to: PRE-LIT@WILSHIRELAWFIRM.COM | Subject: Carlos Mabarriento DOI 2022-07-19 // Prohealth
PID: 133050 | Sent to: OFFICESERVICES@JACOBYANDMEYERS.COM | Subject: Jesse Alcaraz DOI 2022-11-02 // Prohealth
PID: 157585 | Sent to: DPAZ@PAZLAWOFFICES.COM | Subject: Maria Moran DOI 2023-06-19 // Prohealth
PID: 134142 | Sent to: SUZY@WESTCOASTTRILALAWYERS.COM | Subject: Jaime Avalos DOI 2022-08-03 // Prohealth
PID: 134002 | Sent to: PRE-LIT@WILSHIRELAWFIRM.COM | Subject: Shade Blackshear DOI 2022-05-25 // Prohealth
PID: 140035 | Sent to: NBAUTISTA@LARRYRABINEAU.COM | Subject: Chaim Frank DOI 2023-04-04 // Prohealth
PID: 144478 | Sent to: YADIRA@DZLAWGROUP.ORG | Subject: Frank Harris DOI 2024-09-20 // Prohealth
PID: 155791 | Sent to: MARY@ASHAHLAW.COM | Subject: Raul Lopez DOI 2022-12-11 // Prohealth
SKIPPED: PID 132932 | Email: VHLAW225@GMAIL.COM | Reason: Skipped due to UNKNOWN DOI
PID: 132811 | Sent to: INFO@LMHLAWYERS.COM | Subject: Kevin Navarro DOI 2005-07-09 // Prohealth
PID: 132867 | Sent to: ALEX@LAWYERSCALI.COM | Subject: Jonathan Alberto DOI 2023-12-30 // Prohealth
PID: 138304 | Sent to: SUPPORT@MRPARKERLAW.COM | Subject: Samyah Ralls DOI 2023-03-05 // Prohealth
PID: 142072 | Sent to: RAMING@RAMINUSA.COM | Subject: Marquita Juarez DOI 2022-05-21 // Prohealth
PID: 134289 | Sent to: OLYMPICLAW@YAHOO.COM | Subject: Monica Zuleyma Interiano Paz DOI 2022-09-14 // Prohealth
SKIPPED: PID 132786 | Email: nan | Reason: Skipped due to UNKNOWN DOI
SKIPPED: PID 132787 | Email: LAWOFFICE@DARGAHILAW.COM | Reason: Skipped due to UNKNOWN DOI
PID: 157273 | Sent to: EP@PACIFICLIBERTYLAW.COM | Subject: Destiny De Paz DOI 2023-06-30 // Prohealth
PID: 172140 | Sent to: ERICA@AMERBERGLAW.COM | Subject: Maritza De Leon DOI 2023-09-11 // Prohealth
PID: 117480 | Sent to: CRYSTAL@KIMAULAW.COM | Subject: Marylynn Michelle Corleto DOI 2019-07-21 // Prohealth
SKIPPED: PID 132800 | Email: INFO@RHOLAWGROUP.COM | Reason: Skipped due to UNKNOWN DOI
PID: 117068 | Sent to: MASTERLAWINC@GMAIL.COM | Subject: Alex Mercado DOI 2021-09-13 // Prohealth
PID: 117625 | Sent to: DANIEL@DOWNTOWNLALAW.COM | Subject: Ana Amaro DOI 2022-03-10 // Prohealth
PID: 119789 | Sent to: DCBRUE@AOL.COM | Subject: Magdalena Ramirez DOI 2020-01-02 // Prohealth
PID: 121820 | Sent to: JUDITH@KALOUSTIANLEGAL.COM | Subject: Leonardo Herrera DOI 2022-01-13 // Prohealth
SKIPPED: PID 132598 | Email: MIKE@EMRANILAWYERS.COM | Reason: Skipped due to UNKNOWN DOI
PID: 138115 | Sent to: LIENS@STERINLAW.COM | Subject: Curtis Nicholson DOI 2022-05-28 // Prohealth
PID: 138223 | Sent to: MAURICIO@SARRAFLAWFIRM.COM | Subject: Juan Ramirez DOI 2022-07-13 // Prohealth
PID: 138403 | Sent to: MAYRA@MEGEREDCHIANLAW.COM | Subject: Armen Mkrtchyan DOI 2023-03-31 // Prohealth
PID: 139225 | Sent to: PI@BLOCKLLP.COM | Subject: Michael Madrigal DOI 2022-04-11 // Prohealth
PID: 139936 | Sent to: MANDANA@CALLJACOB.COM | Subject: Nissan Shalom DOI 2023-03-04 // Prohealth
PID: 140152 | Sent to: ERIKVELIE@VICTORYLAWLLP.COM | Subject: Keiana Chatman DOI 2023-05-14 // Prohealth
PID: 140764 | Sent to: GEORGE@MGDESYANLAW.COM | Subject: Edgar Alvarenga DOI 2023-01-20 // Prohealth
PID: 141586 | Sent to: INFO@BARENSLAW.COM | Subject: Damian Apurahal DOI 2022-04-20 // Prohealth
PID: 142927 | Sent to: DANIELLA@HERSELLAWFIRM.COM | Subject: Adar Magari DOI 2022-11-18 // Prohealth
PID: 144253 | Sent to: ARACELI@A2ZLEGAL.COM | Subject: Adriana Cedillo DOI 2024-08-30 // Prohealth
PID: 144487 | Sent to: JESSIE@CHATLAWGROUP.COM | Subject: Ronal Estuardo Perez Mendez DOI 2023-07-22 // Prohealth
PID: 157357 | Sent to: DARREN@DARWISHFIRM.COM | Subject: Alejandro Ramirez DOI 2023-07-12 // Prohealth
PID: 159103 | Sent to: ALON@AVALONLAW.COM | Subject: Samuel Pena Morales DOI 2024-11-26 // Prohealth
PID: 170260 | Sent to: MURIBE@JDRLAWOFFICES.COM | Subject: Raychelle Gardner DOI 2023-09-16 // Prohealth
PID: 102395 | Sent to: ANN@LAWOFFICEDARYLJWILLIAMS.COM | Subject: Franklin Martinez DOI 2018-12-14 // Prohealth
PID: 103084 | Sent to: LIENS@HHTCORP.COM | Subject: Mariam Chaparyan DOI 2019-08-09 // Prohealth
PID: 103137 | Sent to: LIENS@HHTCORP.COM | Subject: Jocelyn Hernandez DOI 2019-12-14 // Prohealth
PID: 103637 | Sent to: JACKIE@DAVIDSLATERLAWFIRM.COM | Subject: Vicenta Camacho DOI 2019-03-19 // Prohealth
PID: 107290 | Sent to: CASESTATUS@DOWNTOWNLALAW.COM | Subject: Denis Borovskikh DOI 2019-12-19 // Prohealth
PID: 107845 | Sent to: INFO@CAINJURYNETWORK.COM | Subject: Nicole Ganz DOI 2019-05-15 // Prohealth
PID: 111729 | Sent to: ALBERTOEALGAZE@GMAIL.COM | Subject: Gabriela Arrazola DOI 2020-11-28 // Prohealth
PID: 111972 | Sent to: INFO@LEGALEXPERTSLA.COM | Subject: Jackeline Leon DOI 2021-03-14 // Prohealth
PID: 112255 | Sent to: RAMIN@RKLAWGROUP.COM | Subject: Randy Rosales DOI 2021-10-19 // Prohealth
PID: 113068 | Sent to: DPAZ@PAZLAWOFFICES.COM | Subject: Martin Perez DOI 2020-07-25 // Prohealth
PID: 114455 | Sent to: ACCOUNTING@MGDESYANLAW.COM | Subject: Lamberto Rodriguez Ibanez DOI 2021-03-18 // Prohealth
PID: 115120 | Sent to: NAIRA@PACIFICATTORNEYGROUP.COM | Subject: Veena Apinyavat DOI 2021-12-14 // Prohealth
PID: 115194 | Sent to: INFO@NABILAW.COM | Subject: Scott Jason Epstein DOI 2022-08-25 // Prohealth
PID: 115536 | Sent to: LAWHUDSON@GMAIL.COM | Subject: Moises Lopez DOI 2021-02-11 // Prohealth
PID: 115611 | Sent to: LLFLAWLCWESQ@GMAIL.COM | Subject: Jeron Earl Walker DOI 2022-10-09 // Prohealth
PID: 117769 | Sent to: PRE-LIT@WILSHIRELAWFIRM.COM | Subject: Pedro Chay Ulin DOI 2021-11-20 // Prohealth
PID: 121195 | Sent to: SW@CERVANTESHODGES.COM | Subject: Alexander Garcia DOI 2021-09-24 // Prohealth
PID: 121483 | Sent to: INFO@THECALIFORNIALAWOFFICE.COM | Subject: Jorge Sifuentes DOI 2021-11-28 // Prohealth
PID: 121595 | Sent to: CLOSING@YAGLAW.COM | Subject: Maria Del Carmen Coc De Lopez DOI 2021-12-16 // Prohealth
PID: 121615 | Sent to: INFO@THELAWYERSGROUPINC.COM | Subject: Steven Moore DOI 2021-12-01 // Prohealth
PID: 132579 | Sent to: DANIEL@RASHTIANLAW.COM | Subject: Billy Vasquez DOI 2024-03-05 // Prohealth
SKIPPED: PID 132675 | Email: AT@MARTINIANLAW.COM | Reason: Skipped due to UNKNOWN DOI
SKIPPED: PID 132701 | Email: INFO@THEINJURYLAWCENTER.NET | Reason: Skipped due to UNKNOWN DOI
SKIPPED: PID 132790 | Email: JACK@POGOSIANLAW.COM | Reason: Skipped due to UNKNOWN DOI
SKIPPED: PID 132815 | Email: nan | Reason: Skipped due to UNKNOWN DOI
SKIPPED: PID 132839 | Email: BRENDA@EBRAHIMIANLAWFIRM.COM | Reason: Skipped due to UNKNOWN DOI
PID: 132840 | Sent to: PRE-LIT@WILSHIRELAWFIRM.COM | Subject: Arely Nuno DOI 2023-06-09 // Prohealth
PID: 132841 | Sent to: AVIESQUIRE@GMAIL.COM | Subject: Daniel Frayman DOI 2023-08-08 // Prohealth
PID: 132891 | Sent to: SA@GEVORKYANLAW.COM | Subject: Arman Mkrtchyan DOI 2024-03-13 // Prohealth
SKIPPED: PID 132902 | Email: LIENS@HHTCORP.COM | Reason: Skipped due to UNKNOWN DOI
SKIPPED: PID 132971 | Email: VANNUYSLAW@YAHOO.COM | Reason: Skipped due to UNKNOWN DOI
SKIPPED: PID 132974 | Email: AT@MARTINIANLAW.COM | Reason: Skipped due to UNKNOWN DOI
PID: 133470 | Sent to: MEDICALREP@BURG-BROCK.COM | Subject: Farahnaz Salimi Tari DOI 2023-02-08 // Prohealth
PID: 133561 | Sent to: ARACELI@A2ZLEGAL.COM | Subject: Alfredo De Jesus Urbina DOI 2022-03-24 // Prohealth
PID: 134177 | Sent to: DARREN@DARWISHFIRM.COM | Subject: Anastacia Fonseca DOI 2022-08-23 // Prohealth
PID: 134226 | Sent to: GEORGEWILLIAMSATTY@GMAIL.COM | Subject: Jesus Contreras DOI 2022-09-10 // Prohealth
PID: 134415 | Sent to: IBISILAW@ATT.NET | Subject: Jorge Garcia Oliva DOI 2022-12-05 // Prohealth
PID: 134422 | Sent to: MARIA.CORONA@THEBARNESFIRM.COM | Subject: Edgar Basil DOI 2022-12-01 // Prohealth
PID: 134471 | Sent to: IVYCREST@IVYCRESTLAW.COM | Subject: Maria Reyna DOI 2022-05-31 // Prohealth
PID: 134653 | Sent to: CONTACT@MYLAWCOMPANY.COM | Subject: Tuan Nguyen DOI 2023-02-09 // Prohealth
PID: 135605 | Sent to: GMARCUS@INJURYNETWORK.ORG | Subject: Stephanie Fares DOI 2022-09-07 // Prohealth
PID: 138052 | Sent to: SUPPORT@MRPARKERLAW.COM | Subject: Silvia Fajardo DOI 2022-02-22 // Prohealth
PID: 138124 | Sent to: DPAZ@PAZLAWOFFICES.COM | Subject: Luis De Dios DOI 2022-06-18 // Prohealth
PID: 138133 | Sent to: DPAZ@PAZLAWOFFICES.COM | Subject: Tracy Pelayo DOI 2022-06-24 // Prohealth
PID: 138214 | Sent to: DPAZ@PAZLAWOFFICES.COM | Subject: Leah Wilkins DOI 2022-11-07 // Prohealth
PID: 138268 | Sent to: STATUS@OMEGALAW.COM | Subject: Jules Lange DOI 2023-01-24 // Prohealth
PID: 138394 | Sent to: DPAZ@PAZLAWOFFICES.COM | Subject: Maria Agustin DOI 2022-01-16 // Prohealth
PID: 138448 | Sent to: INFO@KOSHLAW.COM | Subject: Kimberly Alvarez Iscoa DOI 2022-06-06 // Prohealth
PID: 138592 | Sent to: AKOB@JTLEGALGROUP.COM | Subject: Oscar Perez DOI 2022-03-31 // Prohealth
PID: 139252 | Sent to: JULIASKLARLAW3@GMAIL.COM | Subject: Maynor Colindres Valdez DOI 2022-04-29 // Prohealth
PID: 139306 | Sent to: PQUEZADA@APPLSLAW.COM | Subject: Edman Lopez DOI 2022-04-22 // Prohealth
PID: 140116 | Sent to: MANNYIBAY@IBAYLAW.COM | Subject: Juan Torrez DOI 2023-04-21 // Prohealth
PID: 140143 | Sent to: MURIBE@JDRLAWOFFICES.COM | Subject: Fabian Fierro DOI 2023-04-30 // Prohealth
PID: 140620 | Sent to: CORNELAS@CAFIRM.COM | Subject: Erica Carillo DOI 2022-11-11 // Prohealth
PID: 140656 | Sent to: DGONOR@SHAFFERGONORLAW.COM | Subject: Kolapo Ige DOI 2022-11-20 // Prohealth
PID: 140872 | Sent to: GEORGE@MGDESYANLAW.COM | Subject: Christopher Vasquez DOI 2023-03-10 // Prohealth
PID: 141541 | Sent to: BVC@BANALAW.COM | Subject: Jacqueline Nava DOI 2022-03-21 // Prohealth
PID: 142153 | Sent to: STEVEWEISSESQUIRE@HOTMAIL.COM | Subject: Mario Sandoval DOI 2022-07-27 // Prohealth
PID: 142279 | Sent to: INFO@AKHIDENORLAW.COM | Subject: Leonel Haro DOI 2022-08-03 // Prohealth
PID: 142441 | Sent to: ABRAHAM@ABGINLAW.COM | Subject: Kareen Smaili DOI 2022-09-13 // Prohealth
PID: 142594 | Sent to: CORINARODRIGUEZ@CALIFORNIAATTORNEYGROUP.COM | Subject: Salvador Martinez DOI 2022-09-23 // Prohealth
PID: 143017 | Sent to: ATTORNEY@JAMESKOHLAW.COM | Subject: Moises Flores DOI 2022-11-25 // Prohealth
PID: 143125 | Sent to: INFO@LIPELLAW.COM | Subject: Yissett Santiago DOI 2022-06-09 // Prohealth
PID: 143197 | Sent to: KARINAPEDRAJALAW@GMAIL.COM | Subject: Isagani Decano DOI 2022-06-01 // Prohealth
PID: 144217 | Sent to: VICK@VBESQLAW.COM | Subject: Antonio Gomez DOI 2024-08-29 // Prohealth
PID: 144730 | Sent to: MEDICALREP@BURG-BROCK.COM | Subject: Deborah Samani DOI 2024-10-09 // Prohealth
PID: 155437 | Sent to: RPACHECO@JOHNYELAW.COM | Subject: Theresa Ponder DOI 2023-03-22 // Prohealth
PID: 155923 | Sent to: LIMA@HYPLAW.COM | Subject: Serena Cox DOI 2023-01-27 // Prohealth
PID: 156067 | Sent to: STEVE@PACITTILAWFIRM.COM | Subject: Oscar Perez DOI 2023-02-13 // Prohealth
PID: 156427 | Sent to: SILVA@ELITELAWGRP.COM | Subject: Raquel Funes DOI 2023-03-28 // Prohealth
PID: 156559 | Sent to: ABRAHAM@ABGINLAW.COM | Subject: Nadia Montoya DOI 2023-03-10 // Prohealth
PID: 156649 | Sent to: ATTORNEY@JAMESKOHLAW.COM | Subject: Jose Diaz DOI 2023-04-11 // Prohealth
PID: 156661 | Sent to: LAWOFFICE@DARGAHILAW.COM | Subject: Allan Suaza DOI 2023-04-04 // Prohealth
PID: 157285 | Sent to: BILLING@BELLLAW.ORG | Subject: Victor Perez DOI 2023-06-24 // Prohealth
PID: 157369 | Sent to: JAMESALLAIRELAWOFFICE@GMAIL.COM | Subject: Jose R Aparicio DOI 2023-06-30 // Prohealth
PID: 157561 | Sent to: MANNYIBAY@IBAYLAW.COM | Subject: Jennette Rodriguez DOI 2023-03-30 // Prohealth
PID: 157813 | Sent to: DAVID@AZIZILAWFIRM.COM | Subject: Marine Magtaghyan DOI 2023-06-22 // Prohealth
PID: 158269 | Sent to: CORNELAS@CAFIRM.COM | Subject: Sybil Moss DOI 2023-08-08 // Prohealth
PID: 158473 | Sent to: JSANTIAGO@VNLAWGROUP.COM | Subject: Victor Polo DOI 2023-08-19 // Prohealth
PID: 158911 | Sent to: MAIL@LAWOFFICESHEMMA.COM | Subject: Eunice Gill DOI 2024-11-08 // Prohealth
PID: 169609 | Sent to: JULIASKLARLAW3@GMAIL.COM | Subject: Fabio Flores DOI 2023-09-13 // Prohealth
PID: 170733 | Sent to: BLANKLAWOFFICES@GMAIL.COM | Subject: Maria Lopez DOI 2023-05-31 // Prohealth
PID: 172164 | Sent to: STEVEWEISSESQUIRE@HOTMAIL.COM | Subject: Vicenta Rojas DOI 2023-07-16 // Prohealth
PID: 172228 | Sent to: STATUS@OMEGALAW.COM | Subject: Marquis Brown DOI 2022-01-20 // Prohealth
PID: 121911 | Sent to: BENEDETTOOFFICE@GMAIL.COM | Subject: Nathaniel Rojas DOI 2021-09-25 // Prohealth
SKIPPED: PID 132832 | Email: AM@NOURMANDLEGAL.COM | Reason: Skipped due to UNKNOWN DOI
PID: 132862 | Sent to: KLIZARDO@LIZARDOLAW.COM | Subject: Deborah Annette Polly DOI 2023-10-16 // Prohealth
PID: 134961 | Sent to: GMARCUS@INJURYNETWORK.ORG | Subject: Silvana Ottavianelli DOI 2023-02-08 // Prohealth
PID: 137243 | Sent to: ALEX@LAWYERSCALI.COM | Subject: Haninah Dela Cruz DOI 2024-04-09 // Prohealth
PID: 140026 | Sent to: INFO@TISHBILAW.COM | Subject: Jorleni Lopez DOI 2023-03-09 // Prohealth
PID: 121906 | Sent to: DOCUMENTS@DHLAWCA.COM | Subject: Robert Granados DOI 2022-02-13 // Prohealth
PID: 139378 | Sent to: YANNI@MVPLAWGROUPLA.COM | Subject: Joshua Luna DOI 2022-04-21 // Prohealth
PID: 157693 | Sent to: ACCOUNTANT@GEORGYLAW.COM | Subject: Enrique Esparza DOI 2023-03-10 // Prohealth
PID: 138727 | Sent to: ERICA@AMERBERGLAW.COM | Subject: Juan Carlos Rivas DOI 2022-02-17 // Prohealth
PID: 111502 | Sent to: INFO@DEGANILAWFIRM.COM | Subject: Serdar Boduryan DOI 2019-12-26 // Prohealth
PID: 132765 | Sent to: SAM@GOLFEIZLAW.COM | Subject: Richard Ramirez DOI 2021-10-06 // Prohealth
PID: 132834 | Sent to: HENRYHHLAW@GMAIL.COM | Subject: Renee Echt DOI 2021-12-22 // Prohealth
PID: 132885 | Sent to: MEDICALREP@BURG-BROCK.COM | Subject: Jamshid Naddaf DOI 2023-11-14 // Prohealth
PID: 119884 | Sent to: INFO@AKHIDENORLAW.COM | Subject: Nelson Mancia DOI 2020-05-17 // Prohealth
PID: 132775 | Sent to: RECEPTIONISTS@DOMINGUEZFIRM.COM | Subject: Maria Rojas DOI 2023-09-05 // Prohealth
PID: 139990 | Sent to: CASEMANAGER1@LAWCOLLECTIVE.COM | Subject: Karina Campuzano DOI 2023-02-07 // Prohealth
PID: 132260 | Sent to: LIENDEPT@CZ.LAW | Subject: Anna Alexis DOI 2021-07-01 // Prohealth
PID: 140503 | Sent to: DGONOR@SHAFFERGONORLAW.COM | Subject: Miguel Martinez DOI 2022-09-11 // Prohealth
SKIPPED: PID 132966 | Email: nan | Reason: Skipped due to UNKNOWN DOI
PID: 108341 | Sent to: PRE-LITIGATION@DOWNTOWNLALAW.COM | Subject: Lisa Johnson DOI 2020-02-15 // Prohealth
PID: 111532 | Sent to: DSOLUTIONS@NATIONWIDELEGAL.COM | Subject: Windy Alcaraz DOI 2020-02-22 // Prohealth
PID: 112413 | Sent to: INFO@KORDABLAW.COM | Subject: Maria Campo DOI 2022-01-27 // Prohealth
PID: 113193 | Sent to: LREYES_PLM@OUTLOOK.COM | Subject: Carla Lee DOI 2022-01-24 // Prohealth
PID: 119994 | Sent to: KIARA@LAWBROTHERS.COM | Subject: Ana Ibarra-Botello DOI 2018-04-23 // Prohealth
PID: 120107 | Sent to: INFO@KERRYOBRIENLAW.COM | Subject: Ariana Garcia DOI 2019-09-01 // Prohealth
PID: 120177 | Sent to: SERGIOMORENO@CALIFORNIAATTORNEYGROUP.COM | Subject: Charmaine Simplis DOI 2020-06-23 // Prohealth
PID: 120357 | Sent to: ALARIAN@LARIANLAW.COM | Subject: Sean Wei DOI 2018-11-01 // Prohealth
PID: 120672 | Sent to: OMID@KHORSHIDILAW.COM | Subject: Ana Gomez DOI 2020-07-06 // Prohealth
PID: 120911 | Sent to: ARNOLD@LEDEZMALAW.COM | Subject: Jon Beauregard DOI 2019-09-18 // Prohealth
PID: 120956 | Sent to: PA3@TITANLAWFIRM.COM | Subject: Vanessa Hernandez DOI 2020-02-29 // Prohealth
PID: 121303 | Sent to: PRE-LIT@WILSHIRELAWFIRM.COM | Subject: Nicholas Grotano DOI 2020-07-08 // Prohealth
PID: 121391 | Sent to: DOCUMENTS@DHLAWCA.COM | Subject: Edward Olds DOI 2019-01-01 // Prohealth
PID: 131895 | Sent to: DANIEL@RAFIILAW.COM | Subject: Madison Poirer Rose DOI 2020-09-29 // Prohealth
PID: 131965 | Sent to: PRE-LIT@WILSHIRELAWFIRM.COM | Subject: Jasmine Bobadilla DOI 2021-02-18 // Prohealth
PID: 132087 | Sent to: INFO@VALIENTEMOTT.COM | Subject: Anthony Garcia DOI 2021-07-25 // Prohealth
PID: 132173 | Sent to: MIKE@EMRANILAWYERS.COM | Subject: Luis Tolley DOI 2021-08-01 // Prohealth
PID: 132216 | Sent to: BELA@RAFAYELLAW.COM | Subject: Eugene Little DOI 2020-12-01 // Prohealth
PID: 132302 | Sent to: CASESTATUSREQUEST@BHATTORNEYS.COM | Subject: Audosio Morales DOI 2021-07-26 // Prohealth
PID: 132306 | Sent to: CPACE@VAZIRILAW.COM | Subject: Virginia Campos DOI 2021-10-30 // Prohealth
PID: 132323 | Sent to: INFO@VALEROLAWGROUP.COM | Subject: George Donev DOI 2021-08-17 // Prohealth
PID: 132325 | Sent to: INFO@VALEROLAWGROUP.COM | Subject: Rita Ortiz DOI 2019-12-27 // Prohealth
PID: 132327 | Sent to: INFO@VALEROLAWGROUP.COM | Subject: Victoria Macias DOI 2021-10-05 // Prohealth
PID: 132376 | Sent to: CPACE@VAZIRILAW.COM | Subject: James Deng DOI 2020-01-03 // Prohealth
PID: 132379 | Sent to: JASON@GCELAW.COM | Subject: Armando Gutierrez DOI 2020-04-06 // Prohealth
PID: 132657 | Sent to: INFO@VALEROLAWGROUP.COM | Subject: Sandra Bonilla DOI 2020-04-21 // Prohealth
PID: 132692 | Sent to: GMARCUS@INJURYNETWORK.ORG | Subject: Andrea Kriva DOI 2021-08-26 // Prohealth
SKIPPED: PID 132794 | Email: ERICK@NOVIKLAWGROUP.COM | Reason: Skipped due to UNKNOWN DOI
PID: 132802 | Sent to: TIVA@DAVINILAW.COM | Subject: Rene Mercado DOI 2020-12-28 // Prohealth
SKIPPED: PID 132806 | Email: nan | Reason: Skipped due to UNKNOWN DOI
SKIPPED: PID 132810 | Email: CASESTATUS@DOWNTOWNLALAW.COM | Reason: Skipped due to UNKNOWN DOI
SKIPPED: PID 132825 | Email: GMARCUS@INJURYNETWORK.ORG | Reason: Skipped due to UNKNOWN DOI
SKIPPED: PID 132826 | Email: INFO@DOWNTOWNLALAW.COM | Reason: Skipped due to UNKNOWN DOI
PID: 132827 | Sent to: INFO@DOWNTOWNLALAW.COM | Subject: Gabriel Ray Sanchez DOI 2019-10-16 // Prohealth
SKIPPED: PID 132831 | Email: ARTINYANLAW@SBCGLOBAL.NET | Reason: Skipped due to UNKNOWN DOI
SKIPPED: PID 132838 | Email: CASESTATUS@DOWNTOWNLALAW.COM | Reason: Skipped due to UNKNOWN DOI
SKIPPED: PID 132893 | Email: JSANTIAGO@VNLAWGROUP.COM | Reason: Skipped due to UNKNOWN DOI
PID: 133029 | Sent to: OFFICESERVICES@JACOBYANDMEYERS.COM | Subject: Macario Oliva DOI 2022-10-08 // Prohealth
PID: 134072 | Sent to: GMARCUS@INJURYNETWORK.ORG | Subject: Ana Rosa Ramirez DOI 2022-06-19 // Prohealth
PID: 134828 | Sent to: INFO@CULVERLEGAL.COM | Subject: Rosalina Sedano DOI 2022-08-01 // Prohealth
PID: 134989 | Sent to: INFO@CULVERLEGAL.COM | Subject: Juan Chan DOI 2022-11-18 // Prohealth
PID: 135374 | Sent to: INFO@CULVERLEGAL.COM | Subject: Juan Sanchez DOI 2023-01-25 // Prohealth
PID: 135423 | Sent to: MVEGA@FIORELEGAL.COM | Subject: Jose Jacobo Martinez DOI 2021-04-30 // Prohealth
PID: 140368 | Sent to: CASESTATUS@DOWNTOWNLALAW.COM | Subject: Casey Ditmore DOI 2020-08-07 // Prohealth
PID: 140710 | Sent to: MVEGA@FIORELEGAL.COM | Subject: Roberta Rodriguez DOI 2022-07-30 // Prohealth
PID: 142270 | Sent to: PA3@TITANLAWFIRM.COM | Subject: Raphael Walter Harris DOI 2022-02-04 // Prohealth
PID: 142405 | Sent to: INFO@SWEETJAMES.COM | Subject: Joseph Hawkins DOI 2022-03-09 // Prohealth
PID: 144694 | Sent to: ALON@AVALONLAW.COM | Subject: Nichole Reevey DOI 2024-05-08 // Prohealth
PID: 155695 | Sent to: INFO@WILLFORDLAWCORP.COM | Subject: Joe Romero DOI 2022-01-10 // Prohealth
PID: 156391 | Sent to: NATHAN@GOJEFFLAW.COM | Subject: Genelle Ligot DOI 2022-07-02 // Prohealth
PID: 156745 | Sent to: ARTA@WILDEBOERLEGAL.COM | Subject: Manuel Mora DOI 2023-01-26 // Prohealth
PID: 157033 | Sent to: CM@SUNSETWESTLG.COM | Subject: Rashad Iqbal DOI 2022-09-02 // Prohealth
PID: 158779 | Sent to: CLAUDIA@LAWGBG.COM | Subject: Gaik Kazarian DOI 2024-06-25 // Prohealth
PID: 172288 | Sent to: JONATHAN@KASHLEGAL.COM | Subject: Esteban Luna DOI 2022-03-26 // Prohealth
PID: 172522 | Sent to: EP@PACIFICLIBERTYLAW.COM | Subject: Sang Lee DOI 2023-08-11 // Prohealth
PID: 141847 | Sent to: ML@LOGHMANA.COM | Subject: Mayra Hernandez Julian DOI 2022-06-01 // Prohealth
PID: 111312 | Sent to: DAVIDLAMONICA@USA.NET | Subject: Ernesto Sandoval Rodriguez DOI 2020-12-18 // Prohealth
PID: 134485 | Sent to: GMARCUS@INJURYNETWORK.ORG | Subject: Rhonda Mims DOI 2023-01-10 // Prohealth
PID: 105315 | Sent to: ANN@LAWOFFICEDARYLJWILLIAMS.COM | Subject: Angela Lazaro DOI 2018-02-09 // Prohealth
PID: 106068 | Sent to: YANNI@MVPLAWGROUPLA.COM | Subject: Alexander Yasyukov DOI 2018-05-03 // Prohealth
PID: 106551 | Sent to: MICHAEL@DAALAW.COM | Subject: John Yekikian DOI 2018-03-13 // Prohealth
PID: 106596 | Sent to: QUIGGLAW@YAHOO.COM | Subject: Magaly Gonzalez DOI 2018-05-15 // Prohealth
SKIPPED: PID 132878 | Email: OFFICESERVICES@JACOBYANDMEYERS.COM | Reason: Skipped due to UNKNOWN DOI
SKIPPED: PID 132880 | Email: LIZA@KANIMIANLAW.COM | Reason: Skipped due to UNKNOWN DOI
SKIPPED: PID 132956 | Email: nan | Reason: Skipped due to UNKNOWN DOI
SKIPPED: PID 132965 | Email: CASESTATUS@DOWNTOWNLALAW.COM | Reason: Skipped due to UNKNOWN DOI
SKIPPED: PID 132988 | Email: nan | Reason: Skipped due to UNKNOWN DOI
SKIPPED: PID 132996 | Email: DPAZ@PAZLAWOFFICES.COM | Reason: Skipped due to UNKNOWN DOI
PID: 141124 | Sent to: INFO@KOSHLAW.COM | Subject: Kevin Goodall DOI 2023-05-17 // Prohealth
PID: 141397 | Sent to: KRISTINE@DAVANALAW.COM | Subject: Narcisa Zambrano DOI 2022-05-14 // Prohealth
PID: 141658 | Sent to: NWUDELAW@AOL.COM | Subject: Martine Griffin DOI 2022-04-22 // Prohealth
PID: 142810 | Sent to: STEVEN@RUBENSTEIN-LAW.COM | Subject: Ashley Ferrer DOI 2022-11-09 // Prohealth
PID: 142873 | Sent to: INFO@STARPOINTLAW.COM | Subject: Rufino Moran DOI 2022-05-26 // Prohealth
PID: 143188 | Sent to: INFO@SMILOVELAW.COM | Subject: Maricel Salvacion DOI 2022-11-24 // Prohealth
PID: 143767 | Sent to: MEDICALREP@BURG-BROCK.COM | Subject: Angelika Azizi DOI 2024-06-25 // Prohealth
PID: 144262 | Sent to: VICK@VBESQLAW.COM | Subject: Melanie Resendiz DOI 2024-03-21 // Prohealth
PID: 144352 | Sent to: LIEN@VENERABLELAW.COM | Subject: Rizaldy Nigoza DOI 2024-09-07 // Prohealth
PID: 144613 | Sent to: LIEN@VENERABLELAW.COM | Subject: Minseok Song DOI 2024-08-30 // Prohealth
PID: 157213 | Sent to: CASE@LARRYHPARKER.COM | Subject: Jade Lopez DOI 2023-06-24 // Prohealth
PID: 158353 | Sent to: INFO@SWEETJAMES.COM | Subject: Raul Aguiar DOI 2022-08-17 // Prohealth
PID: 158413 | Sent to: GEORGE@MGDESYANLAW.COM | Subject: Sergey Charkchyan DOI 2023-08-17 // Prohealth
PID: 171345 | Sent to: KARENN@LAWOFFICESOFBILLSAYED.COM | Subject: Beatriz Mazariegos Herz DOI 2023-08-18 // Prohealth
SKIPPED: PID 132912 | Email: DPAZ@PAZLAWOFFICES.COM | Reason: Skipped due to UNKNOWN DOI
PID: 108191 | Sent to: ACCOUNTING@MGDESYANLAW.COM | Subject: Elmer Palma DOI 2020-02-23 // Prohealth
PID: 132669 | Sent to: AT@MARTINIANLAW.COM | Subject: Manuel Lopez DOI 2021-12-10 // Prohealth
PID: 132605 | Sent to: ANGELA.FHLAW@GMAIL.COM | Subject: Erik Rosas DOI 2024-03-19 // Prohealth
SKIPPED: PID 132931 | Email: KBCLAIMS28@GMAIL.COM | Reason: Skipped due to UNKNOWN DOI
SKIPPED: PID 132967 | Email: MSILVA@RANDBLAW.US | Reason: Skipped due to UNKNOWN DOI
PID: 132606 | Sent to: CASESTATUSREQUEST@BHATTORNEYS.COM | Subject: Maria Morales DOI 2021-05-12 // Prohealth
PID: 132656 | Sent to: SSNYDER@KENSNYDERLAW.COM | Subject: Gustavo F Montezuma DOI 2022-11-17 // Prohealth
PID: 132896 | Sent to: CASESTATUSREQUEST@BHATTORNEYS.COM | Subject: Adolfo Muro DOI 2020-07-18 // Prohealth
SKIPPED: PID 132830 | Email: ANNIE@THECIVILDEPT.COM | Reason: Skipped due to UNKNOWN DOI
SKIPPED: PID 132851 | Email: SANDRAT@MEGEREDCHIANLAW.COM | Reason: Skipped due to UNKNOWN DOI
PID: 132876 | Sent to: PRELIT@YADIDILAW.COM | Subject: Vida Jedian DOI 2021-06-15 // Prohealth
SKIPPED: PID 132888 | Email: AIXA@SEHLAWFIRM.COM | Reason: Skipped due to UNKNOWN DOI
PID: 132954 | Sent to: INFO@JOSEPHLAW.LA | Subject: Babken Sarkissian DOI 2023-05-01 // Prohealth
PID: 121165 | Sent to: SC@PISEGNA-ZIMMERMAN.COM | Subject: Alexis Castellon DOI 2021-09-22 // Prohealth
PID: 131805 | Sent to: CASESTATUSREQUEST@BHATTORNEYS.COM | Subject: Jose Lopez DOI 2021-05-23 // Prohealth
SKIPPED: PID 132881 | Email: LIENS@HHTCORP.COM | Reason: Skipped due to UNKNOWN DOI
